[2021-05-25T14:53:42.687] [DEBUG] cheese - login => username:admin,password:123456
[2021-05-25T14:53:42.688] [DEBUG] cheese - admin
[2021-05-25T14:53:42.703] [DEBUG] cheese - null
[2021-05-25T14:53:42.703] [DEBUG] cheese - null
[2021-09-17T09:38:58.219] [DEBUG] cheese - login => username:admin,password:123456
[2021-09-17T09:38:58.233] [DEBUG] cheese - admin
[2021-09-17T09:38:58.307] [DEBUG] cheese - null
[2021-09-17T09:38:58.307] [DEBUG] cheese - null
[2021-09-17T09:40:21.799] [DEBUG] cheese - login => username:admin,password:123456
[2021-09-17T09:40:21.799] [DEBUG] cheese - admin
[2021-09-17T09:40:21.802] [DEBUG] cheese - null
[2021-09-17T09:40:21.802] [DEBUG] cheese - null
[2021-09-17T09:46:25.599] [DEBUG] cheese - login => username:admin,password:123456
[2021-09-17T09:46:25.600] [DEBUG] cheese - admin
[2021-09-17T09:46:25.603] [DEBUG] cheese - null
[2021-09-17T09:46:25.603] [DEBUG] cheese - null
[2021-09-17T21:36:19.198] [DEBUG] cheese - login => username:www,password:www
[2021-09-17T21:36:19.459] [DEBUG] cheese - www
[2021-09-17T21:36:21.215] [DEBUG] cheese - login => username:www,password:www
[2021-09-17T21:36:21.215] [DEBUG] cheese - www
[2021-09-17T21:36:24.307] [DEBUG] cheese - null
[2021-09-17T21:36:24.353] [DEBUG] cheese - null
[2021-09-17T21:36:24.408] [DEBUG] cheese - null
[2021-09-17T21:36:24.408] [DEBUG] cheese - null
[2021-09-17T21:41:31.954] [DEBUG] cheese - login => username:123,password:132
[2021-09-17T21:41:31.958] [DEBUG] cheese - 123
[2021-09-17T21:41:32.023] [DEBUG] cheese - null
[2021-09-17T21:41:32.023] [DEBUG] cheese - null
[2021-09-17T21:48:58.317] [DEBUG] cheese - login => username:q234,password:2344
[2021-09-17T21:48:58.317] [DEBUG] cheese - q234
[2021-09-17T21:48:58.319] [DEBUG] cheese - null
[2021-09-17T21:48:58.319] [DEBUG] cheese - null
[2021-09-17T21:49:02.591] [DEBUG] cheese - login => username:q234,password:2344
[2021-09-17T21:49:02.591] [DEBUG] cheese - q234
[2021-09-17T21:49:02.604] [DEBUG] cheese - null
[2021-09-17T21:49:02.604] [DEBUG] cheese - null
[2021-09-17T21:49:22.740] [DEBUG] cheese - login => username:1234,password:awer
[2021-09-17T21:49:22.751] [DEBUG] cheese - 1234
[2021-09-17T21:49:22.768] [DEBUG] cheese - null
[2021-09-17T21:49:22.768] [DEBUG] cheese - null
[2021-09-17T21:49:45.989] [DEBUG] cheese - login => username:2345,password:345435
[2021-09-17T21:49:45.989] [DEBUG] cheese - 2345
[2021-09-17T21:49:46.112] [DEBUG] cheese - null
[2021-09-17T21:49:46.113] [DEBUG] cheese - null
[2021-09-17T21:49:50.599] [DEBUG] cheese - login => username:2345,password:345435
[2021-09-17T21:49:50.599] [DEBUG] cheese - 2345
[2021-09-17T21:49:50.602] [DEBUG] cheese - null
[2021-09-17T21:49:50.602] [DEBUG] cheese - null
[2021-09-17T21:50:20.627] [DEBUG] cheese - login => username:12134,password:1234
[2021-09-17T21:50:20.627] [DEBUG] cheese - 12134
[2021-09-17T21:50:20.636] [DEBUG] cheese - null
[2021-09-17T21:50:20.636] [DEBUG] cheese - null
[2021-09-17T21:52:05.779] [DEBUG] cheese - login => username:admin,password:123456
[2021-09-17T21:52:05.779] [DEBUG] cheese - admin
[2021-09-17T21:52:06.075] [DEBUG] cheese - null
[2021-09-17T21:52:06.075] [DEBUG] cheese - null
[2021-09-17T21:52:24.907] [DEBUG] cheese - login => username:admin,password:123456
[2021-09-17T21:52:24.907] [DEBUG] cheese - admin
[2021-09-17T21:52:24.926] [DEBUG] cheese - null
[2021-09-17T21:52:24.926] [DEBUG] cheese - null
[2021-09-17T21:54:53.527] [DEBUG] cheese - login => username:12323,password:1233
[2021-09-17T21:54:53.527] [DEBUG] cheese - 12323
[2021-09-17T21:54:53.541] [DEBUG] cheese - null
[2021-09-17T21:54:53.541] [DEBUG] cheese - null
[2021-09-17T21:55:19.054] [DEBUG] cheese - login => username:123333,password:12321321
[2021-09-17T21:55:19.055] [DEBUG] cheese - 123333
[2021-09-17T21:55:19.074] [DEBUG] cheese - null
[2021-09-17T21:55:19.074] [DEBUG] cheese - null
[2021-09-17T21:55:30.033] [DEBUG] cheese - login => username:23213,password:1232323
[2021-09-17T21:55:30.033] [DEBUG] cheese - 23213
[2021-09-17T21:55:30.040] [DEBUG] cheese - null
[2021-09-17T21:55:30.040] [DEBUG] cheese - null
[2021-09-17T21:55:42.283] [DEBUG] cheese - login => username:23213,password:1232323
[2021-09-17T21:55:42.283] [DEBUG] cheese - 23213
[2021-09-17T21:55:42.285] [DEBUG] cheese - null
[2021-09-17T21:55:42.286] [DEBUG] cheese - null
[2021-09-17T21:55:56.113] [DEBUG] cheese - login => username:123444,password:123333
[2021-09-17T21:55:56.113] [DEBUG] cheese - 123444
[2021-09-17T21:55:56.115] [DEBUG] cheese - null
[2021-09-17T21:55:56.141] [DEBUG] cheese - null
[2021-09-17T21:56:51.374] [DEBUG] cheese - login => username:admin,password:123456
[2021-09-17T21:56:51.374] [DEBUG] cheese - admin
[2021-09-17T21:56:51.377] [DEBUG] cheese - null
[2021-09-17T21:56:51.377] [DEBUG] cheese - null
[2021-09-17T21:57:08.518] [DEBUG] cheese - login => username:admin,password:123456
[2021-09-17T21:57:08.518] [DEBUG] cheese - admin
[2021-09-17T21:57:08.538] [DEBUG] cheese - null
[2021-09-17T21:57:08.538] [DEBUG] cheese - null
[2021-09-17T21:57:32.268] [DEBUG] cheese - login => username:1122,password:111111
[2021-09-17T21:57:32.269] [DEBUG] cheese - 1122
[2021-09-17T21:57:32.270] [DEBUG] cheese - null
[2021-09-17T21:57:32.271] [DEBUG] cheese - null
[2021-09-17T21:57:47.068] [DEBUG] cheese - login => username:admin,password:123456
[2021-09-17T21:57:47.068] [DEBUG] cheese - admin
[2021-09-17T21:57:47.115] [DEBUG] cheese - null
[2021-09-17T21:57:47.115] [DEBUG] cheese - null
[2021-09-17T21:58:49.790] [DEBUG] cheese - login => username:admin,password:123456
[2021-09-17T21:58:49.791] [DEBUG] cheese - admin
[2021-09-17T21:58:49.801] [DEBUG] cheese - null
[2021-09-17T21:58:49.801] [DEBUG] cheese - null
[2021-09-17T21:59:15.693] [DEBUG] cheese - login => username:1111111,password:111111111
[2021-09-17T21:59:15.693] [DEBUG] cheese - 1111111
[2021-09-17T21:59:15.696] [DEBUG] cheese - null
[2021-09-17T21:59:15.696] [DEBUG] cheese - null
[2021-09-17T21:59:33.329] [DEBUG] cheese - login => username:111,password:11111
[2021-09-17T21:59:33.329] [DEBUG] cheese - 111
[2021-09-17T21:59:33.331] [DEBUG] cheese - null
[2021-09-17T21:59:33.331] [DEBUG] cheese - null
[2021-09-17T21:59:56.661] [DEBUG] cheese - login => username:admin,password:123456
[2021-09-17T21:59:56.661] [DEBUG] cheese - admin
[2021-09-17T21:59:56.664] [DEBUG] cheese - null
[2021-09-17T21:59:56.664] [DEBUG] cheese - null
[2021-09-17T22:06:02.436] [DEBUG] cheese - login => username:admn,password:123456
[2021-09-17T22:06:02.436] [DEBUG] cheese - admn
[2021-09-17T22:06:02.444] [DEBUG] cheese - null
[2021-09-17T22:06:02.444] [DEBUG] cheese - null
[2021-09-17T22:06:08.675] [DEBUG] cheese - login => username:admin,password:123456
[2021-09-17T22:06:08.675] [DEBUG] cheese - admin
[2021-09-17T22:06:08.738] [DEBUG] cheese - null
[2021-09-17T22:06:08.738] [DEBUG] cheese - null
[2021-09-17T22:07:22.686] [DEBUG] cheese - login => username:admin,password:123456
[2021-09-17T22:07:22.686] [DEBUG] cheese - admin
[2021-09-17T22:07:22.689] [DEBUG] cheese - null
[2021-09-17T22:07:22.689] [DEBUG] cheese - null
[2021-09-17T22:11:39.888] [DEBUG] cheese - login => username:admin,password:123456
[2021-09-17T22:11:39.888] [DEBUG] cheese - admin
[2021-09-17T22:11:40.023] [DEBUG] cheese - null
[2021-09-17T22:11:40.023] [DEBUG] cheese - null
[2021-09-17T22:12:30.246] [DEBUG] cheese - login => username:admin,password:123456
[2021-09-17T22:12:30.246] [DEBUG] cheese - admin
[2021-09-17T22:12:30.248] [DEBUG] cheese - null
[2021-09-17T22:12:30.248] [DEBUG] cheese - null
[2021-09-17T22:12:41.615] [DEBUG] cheese - login => username:11111,password:111111
[2021-09-17T22:12:41.615] [DEBUG] cheese - 11111
[2021-09-17T22:12:41.659] [DEBUG] cheese - null
[2021-09-17T22:12:41.660] [DEBUG] cheese - null
[2021-09-17T22:23:43.587] [DEBUG] cheese - login => username:admin,password:123456
[2021-09-17T22:23:43.587] [DEBUG] cheese - admin
[2021-09-17T22:23:43.589] [DEBUG] cheese - null
[2021-09-17T22:23:43.589] [DEBUG] cheese - null
[2021-09-17T22:24:52.881] [DEBUG] cheese - login => username:admin,password:123456
[2021-09-17T22:24:52.881] [DEBUG] cheese - admin
[2021-09-17T22:24:52.895] [DEBUG] cheese - null
[2021-09-17T22:24:52.895] [DEBUG] cheese - null
[2021-09-17T22:28:55.535] [DEBUG] cheese - login => username:admin,password:123456
[2021-09-17T22:28:55.535] [DEBUG] cheese - admin
[2021-09-17T22:28:55.574] [DEBUG] cheese - null
[2021-09-17T22:28:55.574] [DEBUG] cheese - null
[2021-09-18T00:14:07.864] [DEBUG] cheese - login => username:admin,password:123456
[2021-09-18T00:14:07.865] [DEBUG] cheese - admin
[2021-09-18T00:14:07.944] [DEBUG] cheese - null
[2021-09-18T00:14:07.944] [DEBUG] cheese - null
[2021-09-18T08:07:19.366] [DEBUG] cheese - login => username:admin,password:123456
[2021-09-18T08:07:19.386] [DEBUG] cheese - admin
[2021-09-18T08:07:19.737] [DEBUG] cheese - null
[2021-09-18T08:07:19.751] [DEBUG] cheese - null
[2021-09-18T08:18:57.127] [DEBUG] cheese - login => username:admin,password:123456
[2021-09-18T08:18:57.127] [DEBUG] cheese - admin
[2021-09-18T08:18:57.158] [DEBUG] cheese - null
[2021-09-18T08:18:57.158] [DEBUG] cheese - null
[2021-09-18T08:24:21.198] [DEBUG] cheese - login => username:admin,password:123456
[2021-09-18T08:24:21.198] [DEBUG] cheese - admin
[2021-09-18T08:24:21.228] [DEBUG] cheese - null
[2021-09-18T08:24:21.229] [DEBUG] cheese - null
[2021-09-18T08:24:35.810] [DEBUG] cheese - login => username:admin,password:123456
[2021-09-18T08:24:35.811] [DEBUG] cheese - admin
[2021-09-18T08:24:35.950] [DEBUG] cheese - null
[2021-09-18T08:24:35.950] [DEBUG] cheese - null
[2021-09-18T08:29:42.876] [DEBUG] cheese - login => username:admin,password:123456
[2021-09-18T08:29:42.876] [DEBUG] cheese - admin
[2021-09-18T08:29:42.880] [DEBUG] cheese - null
[2021-09-18T08:29:42.880] [DEBUG] cheese - null
[2021-09-18T08:57:11.731] [DEBUG] cheese - login => username:admin,password:123456
[2021-09-18T08:57:11.732] [DEBUG] cheese - admin
[2021-09-18T08:57:11.770] [DEBUG] cheese - null
[2021-09-18T08:57:11.770] [DEBUG] cheese - null
[2021-09-18T10:04:44.230] [DEBUG] cheese - login => username:admin,password:123456
[2021-09-18T10:04:44.231] [DEBUG] cheese - admin
[2021-09-18T10:04:44.248] [DEBUG] cheese - null
[2021-09-18T10:04:44.248] [DEBUG] cheese - null
[2021-09-18T10:07:39.541] [DEBUG] cheese - login => username:admin,password:123456
[2021-09-18T10:07:39.541] [DEBUG] cheese - admin
[2021-09-18T10:07:39.560] [DEBUG] cheese - null
[2021-09-18T10:07:39.561] [DEBUG] cheese - null
[2021-09-18T15:58:51.772] [DEBUG] cheese - login => username:admin,password:123456
[2021-09-18T15:58:51.783] [DEBUG] cheese - admin
[2021-09-18T15:58:51.798] [DEBUG] cheese - null
[2021-09-18T15:58:51.798] [DEBUG] cheese - null
[2021-09-18T16:00:03.661] [DEBUG] cheese - login => username:admin,password:123456
[2021-09-18T16:00:03.661] [DEBUG] cheese - admin
[2021-09-18T16:00:03.675] [DEBUG] cheese - null
[2021-09-18T16:00:03.676] [DEBUG] cheese - null
[2021-09-18T16:04:36.257] [DEBUG] cheese - login => username:admin,password:123456
[2021-09-18T16:04:36.257] [DEBUG] cheese - admin
[2021-09-18T16:04:36.259] [DEBUG] cheese - null
[2021-09-18T16:04:36.259] [DEBUG] cheese - null
[2021-09-19T08:24:20.075] [DEBUG] cheese - login => username:admin,password:123456
[2021-09-19T08:24:20.086] [DEBUG] cheese - admin
[2021-09-19T08:24:20.157] [DEBUG] cheese - null
[2021-09-19T08:24:20.157] [DEBUG] cheese - null
[2021-09-19T09:36:11.314] [DEBUG] cheese - login => username:admin,password:123456
[2021-09-19T09:36:11.523] [DEBUG] cheese - admin
[2021-09-19T09:36:13.124] [DEBUG] cheese - login => username:admin,password:123456
[2021-09-19T09:36:13.132] [DEBUG] cheese - admin
[2021-09-19T09:36:13.996] [DEBUG] cheese - null
[2021-09-19T09:36:14.020] [DEBUG] cheese - null
[2021-09-19T09:36:14.257] [DEBUG] cheese - null
[2021-09-19T09:36:14.257] [DEBUG] cheese - null
[2021-09-19T13:46:00.546] [DEBUG] cheese - login => username:admin,password:123456
[2021-09-19T13:46:00.546] [DEBUG] cheese - admin
[2021-09-19T13:46:00.548] [DEBUG] cheese - null
[2021-09-19T13:46:00.548] [DEBUG] cheese - null
[2021-09-19T15:03:11.346] [DEBUG] cheese - login => username:admin,password:123456
[2021-09-19T15:03:11.347] [DEBUG] cheese - admin
[2021-09-19T15:03:11.350] [DEBUG] cheese - null
[2021-09-19T15:03:11.350] [DEBUG] cheese - null
[2021-09-20T07:48:15.190] [DEBUG] cheese - login => username:admin,password:123456
[2021-09-20T07:48:15.192] [DEBUG] cheese - admin
[2021-09-20T07:48:15.316] [DEBUG] cheese - null
[2021-09-20T07:48:15.316] [DEBUG] cheese - null
[2021-09-20T08:07:45.012] [DEBUG] cheese - login => username:admin,password:123456
[2021-09-20T08:07:45.012] [DEBUG] cheese - admin
[2021-09-20T08:07:45.014] [DEBUG] cheese - null
[2021-09-20T08:07:45.015] [DEBUG] cheese - null
[2021-09-20T22:00:01.187] [DEBUG] cheese - null
[2021-09-20T22:01:09.633] [DEBUG] cheese - null
[2021-09-20T22:02:20.423] [DEBUG] cheese - null
[2021-09-20T22:06:29.442] [DEBUG] cheese - null
[2021-09-20T22:07:32.094] [DEBUG] cheese - null
[2021-09-20T22:08:04.233] [DEBUG] cheese - null
[2021-09-20T22:09:27.787] [DEBUG] cheese - null
[2021-09-20T22:16:44.933] [DEBUG] cheese - null
[2021-09-20T23:16:26.296] [DEBUG] cheese - null
[2021-09-20T23:18:26.744] [DEBUG] cheese - null
[2021-09-20T23:20:07.151] [DEBUG] cheese - null
[2021-09-21T07:56:57.730] [DEBUG] cheese - login => username:admin,password:123456
[2021-09-21T07:56:57.746] [DEBUG] cheese - admin
[2021-09-21T07:56:58.002] [DEBUG] cheese - null
[2021-09-21T07:56:58.003] [DEBUG] cheese - null
[2021-09-21T16:14:37.487] [DEBUG] cheese - login => username:admin,password:123456
[2021-09-21T16:14:37.574] [DEBUG] cheese - admin
[2021-09-21T16:14:37.661] [DEBUG] cheese - null
[2021-09-21T16:14:37.681] [DEBUG] cheese - null
[2021-09-22T08:07:11.570] [DEBUG] cheese - login => username:admin,password:123456
[2021-09-22T08:07:11.572] [DEBUG] cheese - admin
[2021-09-22T08:07:11.631] [DEBUG] cheese - null
[2021-09-22T08:07:11.631] [DEBUG] cheese - null
[2021-09-22T08:19:08.215] [DEBUG] cheese - login => username:admin,password:123456
[2021-09-22T08:19:08.216] [DEBUG] cheese - admin
[2021-09-22T08:19:08.230] [DEBUG] cheese - null
[2021-09-22T08:19:08.230] [DEBUG] cheese - null
[2021-09-22T08:23:54.180] [DEBUG] cheese - login => username:admin,password:123456
[2021-09-22T08:23:54.181] [DEBUG] cheese - admin
[2021-09-22T08:23:54.183] [DEBUG] cheese - null
[2021-09-22T08:23:54.183] [DEBUG] cheese - null
[2021-09-22T15:47:16.260] [DEBUG] cheese - login => username:admin,password:123456
[2021-09-22T15:47:16.305] [DEBUG] cheese - admin
[2021-09-22T15:47:16.325] [DEBUG] cheese - null
[2021-09-22T15:47:16.326] [DEBUG] cheese - null
[2021-09-23T07:29:45.522] [DEBUG] cheese - login => username:admin,password:123456
[2021-09-23T07:29:45.611] [DEBUG] cheese - admin
[2021-09-23T07:29:45.820] [DEBUG] cheese - null
[2021-09-23T07:29:45.857] [DEBUG] cheese - null
[2021-09-23T07:44:53.978] [DEBUG] cheese - login => username:admin,password:123456
[2021-09-23T07:44:53.981] [DEBUG] cheese - admin
[2021-09-23T07:44:53.984] [DEBUG] cheese - null
[2021-09-23T07:44:53.985] [DEBUG] cheese - null
[2021-09-23T07:54:30.801] [DEBUG] cheese - login => username:admin,password:123456
[2021-09-23T07:54:30.802] [DEBUG] cheese - admin
[2021-09-23T07:54:30.848] [DEBUG] cheese - null
[2021-09-23T07:54:30.849] [DEBUG] cheese - null
[2021-09-23T10:43:12.988] [DEBUG] cheese - login => username:admin,password:123456
[2021-09-23T10:43:13.022] [DEBUG] cheese - admin
[2021-09-23T10:43:13.102] [DEBUG] cheese - null
[2021-09-23T10:43:13.102] [DEBUG] cheese - null
[2021-09-23T22:41:54.464] [DEBUG] cheese - login => username:admin,password:123456
[2021-09-23T22:41:54.543] [DEBUG] cheese - admin
[2021-09-23T22:41:54.709] [DEBUG] cheese - null
[2021-09-23T22:41:54.722] [DEBUG] cheese - null
[2021-09-23T22:43:12.855] [DEBUG] cheese - login => username:admin,password:123456
[2021-09-23T22:43:12.856] [DEBUG] cheese - admin
[2021-09-23T22:43:12.858] [DEBUG] cheese - null
[2021-09-23T22:43:12.858] [DEBUG] cheese - null
[2021-09-23T23:42:30.701] [DEBUG] cheese - login => username:admin,password:123456
[2021-09-23T23:42:30.712] [DEBUG] cheese - admin
[2021-09-23T23:42:30.735] [DEBUG] cheese - null
[2021-09-23T23:42:30.735] [DEBUG] cheese - null
[2021-09-24T00:12:33.688] [DEBUG] cheese - login => username:admin,password:123456
[2021-09-24T00:12:33.701] [DEBUG] cheese - admin
[2021-09-24T00:12:33.704] [DEBUG] cheese - null
[2021-09-24T00:12:33.712] [DEBUG] cheese - null
[2021-09-24T07:27:38.198] [DEBUG] cheese - login => username:admin,password:123456
[2021-09-24T07:27:38.198] [DEBUG] cheese - admin
[2021-09-24T07:27:38.253] [DEBUG] cheese - null
[2021-09-24T07:27:38.253] [DEBUG] cheese - null
[2021-09-24T22:40:02.760] [DEBUG] cheese - login => username:admin,password:123456
[2021-09-24T22:40:02.804] [DEBUG] cheese - admin
[2021-09-24T22:40:03.142] [DEBUG] cheese - null
[2021-09-24T22:40:03.143] [DEBUG] cheese - null
[2021-09-24T23:03:06.459] [DEBUG] cheese - null
[2021-09-24T23:04:30.958] [DEBUG] cheese - null
[2021-09-24T23:05:51.487] [DEBUG] cheese - null
[2021-09-24T23:06:19.035] [DEBUG] cheese - null
[2021-09-24T23:06:31.385] [DEBUG] cheese - null
[2021-09-24T23:07:22.013] [DEBUG] cheese - null
[2021-09-24T23:09:06.705] [DEBUG] cheese - null
[2021-09-24T23:09:43.027] [DEBUG] cheese - null
[2021-09-24T23:34:28.427] [DEBUG] cheese - null
[2021-09-24T23:36:18.001] [DEBUG] cheese - null
[2021-09-24T23:37:15.094] [DEBUG] cheese - null
[2021-09-24T23:39:11.338] [DEBUG] cheese - null
[2021-09-24T23:40:39.672] [DEBUG] cheese - null
[2021-09-24T23:43:08.247] [DEBUG] cheese - null
[2021-09-24T23:43:14.883] [DEBUG] cheese - null
[2021-09-24T23:44:02.442] [DEBUG] cheese - null
[2021-09-24T23:44:12.468] [DEBUG] cheese - null
[2021-09-24T23:47:42.369] [DEBUG] cheese - null
[2021-09-24T23:47:48.070] [DEBUG] cheese - null
[2021-09-24T23:48:15.838] [DEBUG] cheese - null
[2021-09-25T00:24:56.209] [DEBUG] cheese - null
[2021-09-25T00:26:35.025] [DEBUG] cheese - null
[2021-09-25T08:43:35.859] [DEBUG] cheese - login => username:admin,password:123456
[2021-09-25T08:43:35.859] [DEBUG] cheese - admin
[2021-09-25T08:43:35.938] [DEBUG] cheese - null
[2021-09-25T08:43:35.938] [DEBUG] cheese - null
[2021-09-25T10:55:38.578] [DEBUG] cheese - login => username:admin,password:123456
[2021-09-25T10:55:38.611] [DEBUG] cheese - admin
[2021-09-25T10:55:38.669] [DEBUG] cheese - null
[2021-09-25T10:55:38.669] [DEBUG] cheese - null
[2021-09-25T11:50:49.051] [DEBUG] cheese - null
